# JRE version: OpenJDK Runtime Environment (8.0_191-b12) (build 1.8.0_191-8u191-b12-2ubuntu0.18.04.1-b12)
# Java VM: OpenJDK 64-Bit Server VM (25.191-b12 mixed mode linux-amd64 compressed oops)
Heap:
 PSYoungGen      total 131072K, used 8166K [0x00000000ec600000, 0x00000000f4e00000, 0x0000000100000000)
  eden space 122880K, 0% used [0x00000000ec600000,0x00000000ec600000,0x00000000f3e00000)
  from space 8192K, 99% used [0x00000000f3e00000,0x00000000f45f99e0,0x00000000f4600000)
  to   space 8192K, 0% used [0x00000000f4600000,0x00000000f4600000,0x00000000f4e00000)
 ParOldGen       total 38400K, used 14205K [0x00000000c5200000, 0x00000000c7780000, 0x00000000ec600000)
  object space 38400K, 36% used [0x00000000c5200000,0x00000000c5fdf5a0,0x00000000c7780000)
 Metaspace       used 24577K, capacity 25488K, committed 25600K, reserved 1071104K
  class space    used 3240K, capacity 3476K, committed 3584K, reserved 1048576K
GC Heap History (10 events):
Event: 1,637 GC heap after
Heap after GC invocations=3 (full 0):
 PSYoungGen      total 33280K, used 2557K [0x00000000ec600000, 0x00000000f0700000, 0x0000000100000000)
  eden space 30720K, 0% used [0x00000000ec600000,0x00000000ec600000,0x00000000ee400000)
  from space 2560K, 99% used [0x00000000ee400000,0x00000000ee67f6c8,0x00000000ee680000)
  to   space 2560K, 0% used [0x00000000f0480000,0x00000000f0480000,0x00000000f0700000)
 ParOldGen       total 40960K, used 3836K [0x00000000c5200000, 0x00000000c7a00000, 0x00000000ec600000)
  object space 40960K, 9% used [0x00000000c5200000,0x00000000c55bf3b0,0x00000000c7a00000)
 Metaspace       used 13531K, capacity 13880K, committed 14080K, reserved 1060864K
  class space    used 1659K, capacity 1784K, committed 1792K, reserved 1048576K
}
Event: 1,805 GC heap before
{Heap before GC invocations=4 (full 0):
 PSYoungGen      total 33280K, used 33277K [0x00000000ec600000, 0x00000000f0700000, 0x0000000100000000)
  eden space 30720K, 100% used [0x00000000ec600000,0x00000000ee400000,0x00000000ee400000)
  from space 2560K, 99% used [0x00000000ee400000,0x00000000ee67f6c8,0x00000000ee680000)
  to   space 2560K, 0% used [0x00000000f0480000,0x00000000f0480000,0x00000000f0700000)
 ParOldGen       total 40960K, used 3836K [0x00000000c5200000, 0x00000000c7a00000, 0x00000000ec600000)
  object space 40960K, 9% used [0x00000000c5200000,0x00000000c55bf3b0,0x00000000c7a00000)
 Metaspace       used 14735K, capacity 15176K, committed 15488K, reserved 1062912K
  class space    used 1926K, capacity 2084K, committed 2176K, reserved 1048576K
Event: 1,818 GC heap after
Heap after GC invocations=4 (full 0):
 PSYoungGen      total 64000K, used 2541K [0x00000000ec600000, 0x00000000f0700000, 0x0000000100000000)
  eden space 61440K, 0% used [0x00000000ec600000,0x00000000ec600000,0x00000000f0200000)
  from space 2560K, 99% used [0x00000000f0480000,0x00000000f06fb6d8,0x00000000f0700000)
  to   space 2560K, 0% used [0x00000000f0200000,0x00000000f0200000,0x00000000f0480000)
 ParOldGen       total 40960K, used 5457K [0x00000000c5200000, 0x00000000c7a00000, 0x00000000ec600000)
  object space 40960K, 13% used [0x00000000c5200000,0x00000000c57547a8,0x00000000c7a00000)
 Metaspace       used 14735K, capacity 15176K, committed 15488K, reserved 1062912K
  class space    used 1926K, capacity 2084K, committed 2176K, reserved 1048576K
}
Event: 2,490 GC heap before
{Heap before GC invocations=5 (full 0):
 PSYoungGen      total 64000K, used 63981K [0x00000000ec600000, 0x00000000f0700000, 0x0000000100000000)
  eden space 61440K, 100% used [0x00000000ec600000,0x00000000f0200000,0x00000000f0200000)
  from space 2560K, 99% used [0x00000000f0480000,0x00000000f06fb6d8,0x00000000f0700000)
  to   space 2560K, 0% used [0x00000000f0200000,0x00000000f0200000,0x00000000f0480000)
 ParOldGen       total 40960K, used 5457K [0x00000000c5200000, 0x00000000c7a00000, 0x00000000ec600000)
  object space 40960K, 13% used [0x00000000c5200000,0x00000000c57547a8,0x00000000c7a00000)
 Metaspace       used 19699K, capacity 20230K, committed 20480K, reserved 1067008K
  class space    used 2559K, capacity 2719K, committed 2816K, reserved 1048576K
Event: 2,506 GC heap after
Heap after GC invocations=5 (full 0):
 PSYoungGen      total 64000K, used 2541K [0x00000000ec600000, 0x00000000f4e00000, 0x0000000100000000)
  eden space 61440K, 0% used [0x00000000ec600000,0x00000000ec600000,0x00000000f0200000)
  from space 2560K, 99% used [0x00000000f0200000,0x00000000f047b6d8,0x00000000f0480000)
  to   space 8192K, 0% used [0x00000000f4600000,0x00000000f4600000,0x00000000f4e00000)
 ParOldGen       total 40960K, used 11159K [0x00000000c5200000, 0x00000000c7a00000, 0x00000000ec600000)
  object space 40960K, 27% used [0x00000000c5200000,0x00000000c5ce5c78,0x00000000c7a00000)
 Metaspace       used 19699K, capacity 20230K, committed 20480K, reserved 1067008K
  class space    used 2559K, capacity 2719K, committed 2816K, reserved 1048576K
}
Event: 2,601 GC heap before
{Heap before GC invocations=6 (full 0):
 PSYoungGen      total 64000K, used 10900K [0x00000000ec600000, 0x00000000f4e00000, 0x0000000100000000)
  eden space 61440K, 13% used [0x00000000ec600000,0x00000000ece299d8,0x00000000f0200000)
  from space 2560K, 99% used [0x00000000f0200000,0x00000000f047b6d8,0x00000000f0480000)
  to   space 8192K, 0% used [0x00000000f4600000,0x00000000f4600000,0x00000000f4e00000)
 ParOldGen       total 40960K, used 11159K [0x00000000c5200000, 0x00000000c7a00000, 0x00000000ec600000)
  object space 40960K, 27% used [0x00000000c5200000,0x00000000c5ce5c78,0x00000000c7a00000)
 Metaspace       used 20608K, capacity 21186K, committed 21296K, reserved 1067008K
  class space    used 2666K, capacity 2835K, committed 2944K, reserved 1048576K
Event: 2,614 GC heap after
Heap after GC invocations=6 (full 0):
 PSYoungGen      total 131072K, used 3324K [0x00000000ec600000, 0x00000000f4e00000, 0x0000000100000000)
  eden space 122880K, 0% used [0x00000000ec600000,0x00000000ec600000,0x00000000f3e00000)
  from space 8192K, 40% used [0x00000000f4600000,0x00000000f493f000,0x00000000f4e00000)
  to   space 8192K, 0% used [0x00000000f3e00000,0x00000000f3e00000,0x00000000f4600000)
 ParOldGen       total 40960K, used 11159K [0x00000000c5200000, 0x00000000c7a00000, 0x00000000ec600000)
  object space 40960K, 27% used [0x00000000c5200000,0x00000000c5ce5c78,0x00000000c7a00000)
 Metaspace       used 20608K, capacity 21186K, committed 21296K, reserved 1067008K
  class space    used 2666K, capacity 2835K, committed 2944K, reserved 1048576K
}
Event: 2,614 GC heap before
{Heap before GC invocations=7 (full 1):
 PSYoungGen      total 131072K, used 3324K [0x00000000ec600000, 0x00000000f4e00000, 0x0000000100000000)
  eden space 122880K, 0% used [0x00000000ec600000,0x00000000ec600000,0x00000000f3e00000)
  from space 8192K, 40% used [0x00000000f4600000,0x00000000f493f000,0x00000000f4e00000)
  to   space 8192K, 0% used [0x00000000f3e00000,0x00000000f3e00000,0x00000000f4600000)
 ParOldGen       total 40960K, used 11159K [0x00000000c5200000, 0x00000000c7a00000, 0x00000000ec600000)
  object space 40960K, 27% used [0x00000000c5200000,0x00000000c5ce5c78,0x00000000c7a00000)
 Metaspace       used 20608K, capacity 21186K, committed 21296K, reserved 1067008K
  class space    used 2666K, capacity 2835K, committed 2944K, reserved 1048576K
Event: 2,692 GC heap after
Heap after GC invocations=7 (full 1):
 PSYoungGen      total 131072K, used 0K [0x00000000ec600000, 0x00000000f4e00000, 0x0000000100000000)
  eden space 122880K, 0% used [0x00000000ec600000,0x00000000ec600000,0x00000000f3e00000)
  from space 8192K, 0% used [0x00000000f4600000,0x00000000f4600000,0x00000000f4e00000)
  to   space 8192K, 0% used [0x00000000f3e00000,0x00000000f3e00000,0x00000000f4600000)
 ParOldGen       total 38400K, used 11694K [0x00000000c5200000, 0x00000000c7780000, 0x00000000ec600000)
  object space 38400K, 30% used [0x00000000c5200000,0x00000000c5d6b9e8,0x00000000c7780000)
 Metaspace       used 20606K, capacity 21180K, committed 21296K, reserved 1067008K
  class space    used 2665K, capacity 2834K, committed 2944K, reserved 1048576K
}
Event: 5,143 GC heap before
{Heap before GC invocations=8 (full 1):
 PSYoungGen      total 131072K, used 122880K [0x00000000ec600000, 0x00000000f4e00000, 0x0000000100000000)
  eden space 122880K, 100% used [0x00000000ec600000,0x00000000f3e00000,0x00000000f3e00000)
  from space 8192K, 0% used [0x00000000f4600000,0x00000000f4600000,0x00000000f4e00000)
  to   space 8192K, 0% used [0x00000000f3e00000,0x00000000f3e00000,0x00000000f4600000)
 ParOldGen       total 38400K, used 11694K [0x00000000c5200000, 0x00000000c7780000, 0x00000000ec600000)
  object space 38400K, 30% used [0x00000000c5200000,0x00000000c5d6b9e8,0x00000000c7780000)
 Metaspace       used 24577K, capacity 25488K, committed 25600K, reserved 1071104K
  class space    used 3240K, capacity 3476K, committed 3584K, reserved 1048576K

